<?xml version="1.0" encoding="UTF-8"?>
<!-- Generated by org.testng.reporters.JUnitReportReporter -->
<testsuite hostname="arun-asus" failures="0" tests="1" name="test.TC_003_ProductTest" time="23.334" errors="0" timestamp="2024-12-17T14:25:08 IST" skipped="0">
  <testcase classname="test.TC_003_ProductTest" name="productTest" time="23.334"/>
  <system-out/>
</testsuite> <!-- test.TC_003_ProductTest -->
