<?xml version="1.0" encoding="UTF-8"?>
<!-- Generated by org.testng.reporters.JUnitReportReporter -->
<testsuite hostname="arun-asus" failures="0" tests="1" name="test.SignUpTest" time="5.468" errors="0" timestamp="2024-12-11T15:06:09 IST" skipped="0">
  <testcase classname="test.SignUpTest" name="signupTest" time="5.468"/>
  <system-out/>
</testsuite> <!-- test.SignUpTest -->
