<?xml version="1.0" encoding="UTF-8"?>
<!-- Generated by org.testng.reporters.JUnitReportReporter -->
<testsuite hostname="arun-asus" failures="0" tests="1" name="test.TC_006_LogoutTest" time="10.075" errors="0" timestamp="2024-12-17T14:27:03 IST" skipped="0">
  <testcase classname="test.TC_006_LogoutTest" name="logoutTest" time="10.075"/>
  <system-out/>
</testsuite> <!-- test.TC_006_LogoutTest -->
