<?xml version="1.0" encoding="UTF-8"?>
<!-- Generated by org.testng.reporters.JUnitReportReporter -->
<testsuite hostname="arun-asus" failures="0" tests="1" name="test.TC_005_PurchaseTest" time="25.281" errors="0" timestamp="2024-12-17T14:26:37 IST" skipped="0">
  <testcase classname="test.TC_005_PurchaseTest" name="purchaseTest" time="25.281"/>
  <system-out/>
</testsuite> <!-- test.TC_005_PurchaseTest -->
