<?xml version="1.0" encoding="UTF-8"?>
<!-- Generated by org.testng.reporters.JUnitReportReporter -->
<testsuite hostname="arun-asus" failures="0" tests="1" name="test.TC_004_CartTest" time="28.451" errors="0" timestamp="2024-12-17T14:25:55 IST" skipped="0">
  <testcase classname="test.TC_004_CartTest" name="cartTest" time="28.451"/>
  <system-out/>
</testsuite> <!-- test.TC_004_CartTest -->
